[2020-03-24 20:47:20.144] [exthost] [info] extension host started
[2020-03-24 20:47:20.188] [exthost] [info] ExtensionService#_doActivateExtension vscode.debug-auto-launch {"startup":true,"activationEvent":"*"}
[2020-03-24 20:47:20.188] [exthost] [info] ExtensionService#loadCommonJSModule /usr/share/code/resources/app/extensions/debug-auto-launch/dist/extension
[2020-03-24 20:47:20.197] [exthost] [info] ExtensionService#_doActivateExtension vscode.emmet {"startup":true,"activationEvent":"*"}
[2020-03-24 20:47:20.197] [exthost] [info] ExtensionService#loadCommonJSModule /usr/share/code/resources/app/extensions/emmet/dist/extension
[2020-03-24 20:47:20.223] [exthost] [info] ExtensionService#_doActivateExtension vscode.git {"startup":true,"activationEvent":"*"}
[2020-03-24 20:47:20.223] [exthost] [info] ExtensionService#loadCommonJSModule /usr/share/code/resources/app/extensions/git/dist/main
[2020-03-24 20:47:20.372] [exthost] [info] ExtensionService#_doActivateExtension vscode.merge-conflict {"startup":true,"activationEvent":"*"}
[2020-03-24 20:47:20.372] [exthost] [info] ExtensionService#loadCommonJSModule /usr/share/code/resources/app/extensions/merge-conflict/dist/extension
[2020-03-24 20:47:20.382] [exthost] [info] ExtensionService#_doActivateExtension bierner.color-info {"startup":true,"activationEvent":"*"}
[2020-03-24 20:47:20.382] [exthost] [info] ExtensionService#loadCommonJSModule /home/admin123/.vscode/extensions/bierner.color-info-0.5.1/out/src/extension
[2020-03-24 20:47:20.468] [exthost] [info] ExtensionService#_doActivateExtension dbaeumer.vscode-eslint {"startup":true,"activationEvent":"*"}
[2020-03-24 20:47:20.468] [exthost] [info] ExtensionService#loadCommonJSModule /home/admin123/.vscode/extensions/dbaeumer.vscode-eslint-1.9.0/client/out/extension
[2020-03-24 20:47:20.530] [exthost] [info] ExtensionService#_doActivateExtension EditorConfig.EditorConfig {"startup":true,"activationEvent":"*"}
[2020-03-24 20:47:20.530] [exthost] [info] ExtensionService#loadCommonJSModule /home/admin123/.vscode/extensions/editorconfig.editorconfig-0.13.0/out/src/editorConfigMain
[2020-03-24 20:47:20.592] [exthost] [info] ExtensionService#_doActivateExtension formulahendry.auto-close-tag {"startup":true,"activationEvent":"*"}
[2020-03-24 20:47:20.592] [exthost] [info] ExtensionService#loadCommonJSModule /home/admin123/.vscode/extensions/formulahendry.auto-close-tag-0.5.6/out/src/extension
[2020-03-24 20:47:20.597] [exthost] [info] ExtensionService#_doActivateExtension formulahendry.auto-rename-tag {"startup":true,"activationEvent":"*"}
[2020-03-24 20:47:20.597] [exthost] [info] ExtensionService#loadCommonJSModule /home/admin123/.vscode/extensions/formulahendry.auto-rename-tag-0.1.1/out/src/extension
[2020-03-24 20:47:20.605] [exthost] [info] ExtensionService#_doActivateExtension pranaygp.vscode-css-peek {"startup":true,"activationEvent":"*"}
[2020-03-24 20:47:20.605] [exthost] [info] ExtensionService#loadCommonJSModule /home/admin123/.vscode/extensions/pranaygp.vscode-css-peek-3.0.2/out/client/src/extension
[2020-03-24 20:47:20.705] [exthost] [info] ExtensionService#_doActivateExtension vscode-icons-team.vscode-icons {"startup":true,"activationEvent":"*"}
[2020-03-24 20:47:20.705] [exthost] [info] ExtensionService#loadCommonJSModule /home/admin123/.vscode/extensions/vscode-icons-team.vscode-icons-10.0.0/dist/src/vscode-icons.bundle.js
[2020-03-24 20:47:20.951] [exthost] [info] eager extensions activated
[2020-03-24 20:47:28.461] [exthost] [info] extension host started
[2020-03-24 20:47:28.516] [exthost] [info] ExtensionService#_doActivateExtension vscode.typescript-language-features {"startup":false,"activationEvent":"onLanguage:javascript"}
[2020-03-24 20:47:28.516] [exthost] [info] ExtensionService#loadCommonJSModule /usr/share/code/resources/app/extensions/typescript-language-features/dist/extension
[2020-03-24 20:47:28.647] [exthost] [info] ExtensionService#_doActivateExtension vscode.debug-auto-launch {"startup":true,"activationEvent":"*"}
[2020-03-24 20:47:28.647] [exthost] [info] ExtensionService#loadCommonJSModule /usr/share/code/resources/app/extensions/debug-auto-launch/dist/extension
[2020-03-24 20:47:28.653] [exthost] [info] ExtensionService#_doActivateExtension vscode.emmet {"startup":true,"activationEvent":"*"}
[2020-03-24 20:47:28.653] [exthost] [info] ExtensionService#loadCommonJSModule /usr/share/code/resources/app/extensions/emmet/dist/extension
[2020-03-24 20:47:28.684] [exthost] [info] ExtensionService#_doActivateExtension vscode.git {"startup":true,"activationEvent":"*"}
[2020-03-24 20:47:28.684] [exthost] [info] ExtensionService#loadCommonJSModule /usr/share/code/resources/app/extensions/git/dist/main
[2020-03-24 20:47:28.878] [exthost] [info] ExtensionService#_doActivateExtension vscode.merge-conflict {"startup":true,"activationEvent":"*"}
[2020-03-24 20:47:28.878] [exthost] [info] ExtensionService#loadCommonJSModule /usr/share/code/resources/app/extensions/merge-conflict/dist/extension
[2020-03-24 20:47:28.891] [exthost] [info] ExtensionService#_doActivateExtension bierner.color-info {"startup":true,"activationEvent":"*"}
[2020-03-24 20:47:28.891] [exthost] [info] ExtensionService#loadCommonJSModule /home/admin123/.vscode/extensions/bierner.color-info-0.5.1/out/src/extension
[2020-03-24 20:47:28.970] [exthost] [info] ExtensionService#_doActivateExtension dbaeumer.vscode-eslint {"startup":true,"activationEvent":"*"}
[2020-03-24 20:47:28.970] [exthost] [info] ExtensionService#loadCommonJSModule /home/admin123/.vscode/extensions/dbaeumer.vscode-eslint-1.9.0/client/out/extension
[2020-03-24 20:47:29.065] [exthost] [info] ExtensionService#_doActivateExtension EditorConfig.EditorConfig {"startup":true,"activationEvent":"*"}
[2020-03-24 20:47:29.065] [exthost] [info] ExtensionService#loadCommonJSModule /home/admin123/.vscode/extensions/editorconfig.editorconfig-0.13.0/out/src/editorConfigMain
[2020-03-24 20:47:29.116] [exthost] [info] ExtensionService#_doActivateExtension formulahendry.auto-close-tag {"startup":true,"activationEvent":"*"}
[2020-03-24 20:47:29.116] [exthost] [info] ExtensionService#loadCommonJSModule /home/admin123/.vscode/extensions/formulahendry.auto-close-tag-0.5.6/out/src/extension
[2020-03-24 20:47:29.119] [exthost] [info] ExtensionService#_doActivateExtension formulahendry.auto-rename-tag {"startup":true,"activationEvent":"*"}
[2020-03-24 20:47:29.119] [exthost] [info] ExtensionService#loadCommonJSModule /home/admin123/.vscode/extensions/formulahendry.auto-rename-tag-0.1.1/out/src/extension
[2020-03-24 20:47:29.124] [exthost] [info] ExtensionService#_doActivateExtension pranaygp.vscode-css-peek {"startup":true,"activationEvent":"*"}
[2020-03-24 20:47:29.124] [exthost] [info] ExtensionService#loadCommonJSModule /home/admin123/.vscode/extensions/pranaygp.vscode-css-peek-3.0.2/out/client/src/extension
[2020-03-24 20:47:29.213] [exthost] [info] ExtensionService#_doActivateExtension vscode-icons-team.vscode-icons {"startup":true,"activationEvent":"*"}
[2020-03-24 20:47:29.213] [exthost] [info] ExtensionService#loadCommonJSModule /home/admin123/.vscode/extensions/vscode-icons-team.vscode-icons-10.0.0/dist/src/vscode-icons.bundle.js
[2020-03-24 20:47:30.504] [exthost] [info] eager extensions activated
[2020-03-24 21:04:11.397] [exthost] [info] ExtensionService#_doActivateExtension vscode.extension-editing {"startup":false,"activationEvent":"onLanguage:typescript"}
[2020-03-24 21:04:11.397] [exthost] [info] ExtensionService#loadCommonJSModule /usr/share/code/resources/app/extensions/extension-editing/dist/extension
