[2020-03-29 19:15:20.349] [exthost] [info] extension host started
[2020-03-29 19:15:20.395] [exthost] [info] ExtensionService#_doActivateExtension vscode.debug-auto-launch {"startup":true,"activationEvent":"*"}
[2020-03-29 19:15:20.395] [exthost] [info] ExtensionService#loadCommonJSModule /usr/share/code/resources/app/extensions/debug-auto-launch/dist/extension
[2020-03-29 19:15:20.405] [exthost] [info] ExtensionService#_doActivateExtension vscode.emmet {"startup":true,"activationEvent":"*"}
[2020-03-29 19:15:20.405] [exthost] [info] ExtensionService#loadCommonJSModule /usr/share/code/resources/app/extensions/emmet/dist/extension
[2020-03-29 19:15:20.434] [exthost] [info] ExtensionService#_doActivateExtension vscode.git {"startup":true,"activationEvent":"*"}
[2020-03-29 19:15:20.434] [exthost] [info] ExtensionService#loadCommonJSModule /usr/share/code/resources/app/extensions/git/dist/main
[2020-03-29 19:15:20.584] [exthost] [info] ExtensionService#_doActivateExtension vscode.merge-conflict {"startup":true,"activationEvent":"*"}
[2020-03-29 19:15:20.584] [exthost] [info] ExtensionService#loadCommonJSModule /usr/share/code/resources/app/extensions/merge-conflict/dist/extension
[2020-03-29 19:15:20.595] [exthost] [info] ExtensionService#_doActivateExtension bierner.color-info {"startup":true,"activationEvent":"*"}
[2020-03-29 19:15:20.595] [exthost] [info] ExtensionService#loadCommonJSModule /home/admin123/.vscode/extensions/bierner.color-info-0.5.1/out/src/extension
[2020-03-29 19:15:20.794] [exthost] [info] ExtensionService#_doActivateExtension dbaeumer.vscode-eslint {"startup":true,"activationEvent":"*"}
[2020-03-29 19:15:20.794] [exthost] [info] ExtensionService#loadCommonJSModule /home/admin123/.vscode/extensions/dbaeumer.vscode-eslint-1.9.0/client/out/extension
[2020-03-29 19:15:20.886] [exthost] [info] ExtensionService#_doActivateExtension EditorConfig.EditorConfig {"startup":true,"activationEvent":"*"}
[2020-03-29 19:15:20.886] [exthost] [info] ExtensionService#loadCommonJSModule /home/admin123/.vscode/extensions/editorconfig.editorconfig-0.13.0/out/src/editorConfigMain
[2020-03-29 19:15:20.968] [exthost] [info] ExtensionService#_doActivateExtension formulahendry.auto-close-tag {"startup":true,"activationEvent":"*"}
[2020-03-29 19:15:20.968] [exthost] [info] ExtensionService#loadCommonJSModule /home/admin123/.vscode/extensions/formulahendry.auto-close-tag-0.5.6/out/src/extension
[2020-03-29 19:15:20.972] [exthost] [info] ExtensionService#_doActivateExtension formulahendry.auto-rename-tag {"startup":true,"activationEvent":"*"}
[2020-03-29 19:15:20.972] [exthost] [info] ExtensionService#loadCommonJSModule /home/admin123/.vscode/extensions/formulahendry.auto-rename-tag-0.1.1/out/src/extension
[2020-03-29 19:15:20.979] [exthost] [info] ExtensionService#_doActivateExtension pranaygp.vscode-css-peek {"startup":true,"activationEvent":"*"}
[2020-03-29 19:15:20.979] [exthost] [info] ExtensionService#loadCommonJSModule /home/admin123/.vscode/extensions/pranaygp.vscode-css-peek-3.0.2/out/client/src/extension
[2020-03-29 19:15:21.111] [exthost] [info] ExtensionService#_doActivateExtension vscode-icons-team.vscode-icons {"startup":true,"activationEvent":"*"}
[2020-03-29 19:15:21.111] [exthost] [info] ExtensionService#loadCommonJSModule /home/admin123/.vscode/extensions/vscode-icons-team.vscode-icons-10.0.0/dist/src/vscode-icons.bundle.js
[2020-03-29 19:15:21.398] [exthost] [info] eager extensions activated
[2020-03-29 19:15:29.465] [exthost] [info] extension host started
[2020-03-29 19:15:29.506] [exthost] [info] ExtensionService#_doActivateExtension vscode.debug-auto-launch {"startup":true,"activationEvent":"*"}
[2020-03-29 19:15:29.506] [exthost] [info] ExtensionService#loadCommonJSModule /usr/share/code/resources/app/extensions/debug-auto-launch/dist/extension
[2020-03-29 19:15:29.512] [exthost] [info] ExtensionService#_doActivateExtension vscode.emmet {"startup":true,"activationEvent":"*"}
[2020-03-29 19:15:29.512] [exthost] [info] ExtensionService#loadCommonJSModule /usr/share/code/resources/app/extensions/emmet/dist/extension
[2020-03-29 19:15:29.538] [exthost] [info] ExtensionService#_doActivateExtension vscode.git {"startup":true,"activationEvent":"*"}
[2020-03-29 19:15:29.538] [exthost] [info] ExtensionService#loadCommonJSModule /usr/share/code/resources/app/extensions/git/dist/main
[2020-03-29 19:15:29.698] [exthost] [info] ExtensionService#_doActivateExtension vscode.merge-conflict {"startup":true,"activationEvent":"*"}
[2020-03-29 19:15:29.698] [exthost] [info] ExtensionService#loadCommonJSModule /usr/share/code/resources/app/extensions/merge-conflict/dist/extension
[2020-03-29 19:15:29.705] [exthost] [info] ExtensionService#_doActivateExtension bierner.color-info {"startup":true,"activationEvent":"*"}
[2020-03-29 19:15:29.705] [exthost] [info] ExtensionService#loadCommonJSModule /home/admin123/.vscode/extensions/bierner.color-info-0.5.1/out/src/extension
[2020-03-29 19:15:29.760] [exthost] [info] ExtensionService#_doActivateExtension dbaeumer.vscode-eslint {"startup":true,"activationEvent":"*"}
[2020-03-29 19:15:29.760] [exthost] [info] ExtensionService#loadCommonJSModule /home/admin123/.vscode/extensions/dbaeumer.vscode-eslint-1.9.0/client/out/extension
[2020-03-29 19:15:29.832] [exthost] [info] ExtensionService#_doActivateExtension EditorConfig.EditorConfig {"startup":true,"activationEvent":"*"}
[2020-03-29 19:15:29.832] [exthost] [info] ExtensionService#loadCommonJSModule /home/admin123/.vscode/extensions/editorconfig.editorconfig-0.13.0/out/src/editorConfigMain
[2020-03-29 19:15:29.866] [exthost] [info] ExtensionService#_doActivateExtension formulahendry.auto-close-tag {"startup":true,"activationEvent":"*"}
[2020-03-29 19:15:29.866] [exthost] [info] ExtensionService#loadCommonJSModule /home/admin123/.vscode/extensions/formulahendry.auto-close-tag-0.5.6/out/src/extension
[2020-03-29 19:15:29.868] [exthost] [info] ExtensionService#_doActivateExtension formulahendry.auto-rename-tag {"startup":true,"activationEvent":"*"}
[2020-03-29 19:15:29.868] [exthost] [info] ExtensionService#loadCommonJSModule /home/admin123/.vscode/extensions/formulahendry.auto-rename-tag-0.1.1/out/src/extension
[2020-03-29 19:15:29.871] [exthost] [info] ExtensionService#_doActivateExtension pranaygp.vscode-css-peek {"startup":true,"activationEvent":"*"}
[2020-03-29 19:15:29.871] [exthost] [info] ExtensionService#loadCommonJSModule /home/admin123/.vscode/extensions/pranaygp.vscode-css-peek-3.0.2/out/client/src/extension
[2020-03-29 19:15:29.926] [exthost] [info] ExtensionService#_doActivateExtension vscode-icons-team.vscode-icons {"startup":true,"activationEvent":"*"}
[2020-03-29 19:15:29.926] [exthost] [info] ExtensionService#loadCommonJSModule /home/admin123/.vscode/extensions/vscode-icons-team.vscode-icons-10.0.0/dist/src/vscode-icons.bundle.js
[2020-03-29 19:15:30.669] [exthost] [info] eager extensions activated
[2020-03-29 19:16:12.403] [exthost] [info] ExtensionService#_doActivateExtension vscode.typescript-language-features {"startup":false,"activationEvent":"onLanguage:javascript"}
[2020-03-29 19:16:12.403] [exthost] [info] ExtensionService#loadCommonJSModule /usr/share/code/resources/app/extensions/typescript-language-features/dist/extension
[2020-03-29 19:20:27.786] [exthost] [info] ExtensionService#_doActivateExtension vscode.extension-editing {"startup":false,"activationEvent":"onLanguage:typescript"}
[2020-03-29 19:20:27.787] [exthost] [info] ExtensionService#loadCommonJSModule /usr/share/code/resources/app/extensions/extension-editing/dist/extension
