Initializing document watcher...
Detected change in configuration: {}
docker-node/app.js: {}
docker-node/app.js: Using EditorConfig core...
docker-node/app.js: Using EditorConfig core...
docker-node/app.js: Using EditorConfig core...
docker-node/app.js: {}
docker-node/app.js: {}
docker-node/app.js: {}
docker-node/server.js: {}
docker-node/app.js: {}
docker-node/server.js: {}
docker-node/server.js: Using EditorConfig core...
docker-node/server.js: Using EditorConfig core...
docker-node/server.js: Using EditorConfig core...
docker-node/server.js: Using EditorConfig core...
docker-node/server.js: {}
docker-node/server.js: {}
docker-node/server.js: Using EditorConfig core...
docker-node/server.js: Using EditorConfig core...
docker-node/server.js: Using EditorConfig core...
docker-node/server.js: {}
docker-node/server.js: Using EditorConfig core...
docker-node/server.js: Using EditorConfig core...
docker-node/app.js: {}
docker-node/app.js: Using EditorConfig core...
docker-node/app.js: Using EditorConfig core...
/home/admin123/.cache/typescript/3.4.3/node_modules/@types/node/globals.d.ts: {}
docker-node/app.js: {}
/home/admin123/.cache/typescript/3.4.3/node_modules/@types/node/globals.d.ts: {}
docker-node/app.js: {}
docker-node/api/routes/order.js: {}
docker-node/app.js: {}
docker-node/api/routes/order.js: {}
docker-node/server.js: {}
docker-node/api/routes/order.js: {}
docker-node/api/routes/order.js: {}
docker-node/api/routes/order.js: Using EditorConfig core...
docker-node/app.js: {}
docker-node/app.js: Using EditorConfig core...
docker-node/app.js: Using EditorConfig core...
docker-node/app.js: Using EditorConfig core...
docker-node/app.js: Using EditorConfig core...
