[Server(6209) file:///var/www/nodejs/docker-node] Started and initialize received
[Server(6209) file:///var/www/nodejs/docker-node] Setup a stylesheet lookup map
[Server(6209) file:///var/www/nodejs/docker-node] Document opened: file:///var/www/nodejs/docker-node/app.js
[Server(6209) file:///var/www/nodejs/docker-node] Document changed: file:///var/www/nodejs/docker-node/app.js
[Server(6209) file:///var/www/nodejs/docker-node] Document changed: file:///var/www/nodejs/docker-node/app.js
[Server(6209) file:///var/www/nodejs/docker-node] Document changed: file:///var/www/nodejs/docker-node/app.js
[Server(6209) file:///var/www/nodejs/docker-node] Document changed: file:///var/www/nodejs/docker-node/app.js
[Server(6209) file:///var/www/nodejs/docker-node] Document changed: file:///var/www/nodejs/docker-node/app.js
[Server(6209) file:///var/www/nodejs/docker-node] Document changed: file:///var/www/nodejs/docker-node/app.js
[Server(6209) file:///var/www/nodejs/docker-node] Document changed: file:///var/www/nodejs/docker-node/app.js
[Server(6209) file:///var/www/nodejs/docker-node] Document changed: file:///var/www/nodejs/docker-node/app.js
[Server(6209) file:///var/www/nodejs/docker-node] Document changed: file:///var/www/nodejs/docker-node/app.js
[Server(6209) file:///var/www/nodejs/docker-node] Document changed: file:///var/www/nodejs/docker-node/app.js
[Server(6209) file:///var/www/nodejs/docker-node] Document changed: file:///var/www/nodejs/docker-node/app.js
[Server(6209) file:///var/www/nodejs/docker-node] Document changed: file:///var/www/nodejs/docker-node/app.js
[Server(6209) file:///var/www/nodejs/docker-node] Document changed: file:///var/www/nodejs/docker-node/app.js
[Server(6209) file:///var/www/nodejs/docker-node] Document changed: file:///var/www/nodejs/docker-node/app.js
[Server(6209) file:///var/www/nodejs/docker-node] Document changed: file:///var/www/nodejs/docker-node/app.js
[Server(6209) file:///var/www/nodejs/docker-node] Document opened: file:///var/www/nodejs/docker-node/server.js
[Server(6209) file:///var/www/nodejs/docker-node] Document changed: file:///var/www/nodejs/docker-node/server.js
[Server(6209) file:///var/www/nodejs/docker-node] Document changed: file:///var/www/nodejs/docker-node/server.js
[Server(6209) file:///var/www/nodejs/docker-node] Document changed: file:///var/www/nodejs/docker-node/server.js
[Server(6209) file:///var/www/nodejs/docker-node] Document changed: file:///var/www/nodejs/docker-node/server.js
[Server(6209) file:///var/www/nodejs/docker-node] Document changed: file:///var/www/nodejs/docker-node/server.js
[Server(6209) file:///var/www/nodejs/docker-node] Document changed: file:///var/www/nodejs/docker-node/server.js
[Server(6209) file:///var/www/nodejs/docker-node] Document changed: file:///var/www/nodejs/docker-node/server.js
[Server(6209) file:///var/www/nodejs/docker-node] Document changed: file:///var/www/nodejs/docker-node/server.js
[Server(6209) file:///var/www/nodejs/docker-node] Document changed: file:///var/www/nodejs/docker-node/server.js
[Server(6209) file:///var/www/nodejs/docker-node] Document changed: file:///var/www/nodejs/docker-node/server.js
[Server(6209) file:///var/www/nodejs/docker-node] Document changed: file:///var/www/nodejs/docker-node/server.js
[Server(6209) file:///var/www/nodejs/docker-node] Document changed: file:///var/www/nodejs/docker-node/server.js
[Server(6209) file:///var/www/nodejs/docker-node] Document changed: file:///var/www/nodejs/docker-node/server.js
[Server(6209) file:///var/www/nodejs/docker-node] Document changed: file:///var/www/nodejs/docker-node/server.js
[Server(6209) file:///var/www/nodejs/docker-node] Document changed: file:///var/www/nodejs/docker-node/server.js
[Server(6209) file:///var/www/nodejs/docker-node] Document changed: file:///var/www/nodejs/docker-node/server.js
[Server(6209) file:///var/www/nodejs/docker-node] Document changed: file:///var/www/nodejs/docker-node/server.js
[Server(6209) file:///var/www/nodejs/docker-node] Document changed: file:///var/www/nodejs/docker-node/server.js
[Server(6209) file:///var/www/nodejs/docker-node] Document changed: file:///var/www/nodejs/docker-node/server.js
[Server(6209) file:///var/www/nodejs/docker-node] Document changed: file:///var/www/nodejs/docker-node/server.js
Invalid Selector...
Invalid Selector...
Invalid Selector...
Invalid Selector...
Invalid Selector...
Invalid Selector...
Invalid Selector...
Invalid Selector...
Invalid Selector...
Invalid Selector...
Invalid Selector...
Invalid Selector...
Invalid Selector...
Invalid Selector...
Invalid Selector...
Invalid Selector...
Invalid Selector...
[Server(6209) file:///var/www/nodejs/docker-node] Document opened: file:///var/www/nodejs/docker-node/api/routes/order.js
[Server(6209) file:///var/www/nodejs/docker-node] Document changed: file:///var/www/nodejs/docker-node/api/routes/order.js
Invalid Selector...
Invalid Selector...
Invalid Selector...
Invalid Selector...
