[Info  - 7:47:52 PM] ESLint server stopped.
[Info  - 7:47:52 PM] ESLint server running in node v10.2.0
[Info  - 7:47:52 PM] ESLint server is running.
[Info  - 7:47:55 PM] 
Failed to load the ESLint library for the document /var/www/nodejs/docker-node-mongo-todo-app/server.js

To use ESLint please install eslint by running npm install eslint in the workspace folder docker-node-mongo-todo-app
or globally using 'npm install -g eslint'. You need to reopen the workspace after installing eslint.

If you are using yarn or pnpm instead of npm set the setting `eslint.packageManager` to either `yarn` or `pnpm`
Alternatively you can disable ESLint for the workspace folder docker-node-mongo-todo-app by executing the 'Disable ESLint' command.
[Info  - 7:49:05 PM] 
Failed to load the ESLint library for the document /var/www/nodejs/docker-node-mongo-todo-app/app.js

To use ESLint please install eslint by running npm install eslint in the workspace folder docker-node-mongo-todo-app
or globally using 'npm install -g eslint'. You need to reopen the workspace after installing eslint.

If you are using yarn or pnpm instead of npm set the setting `eslint.packageManager` to either `yarn` or `pnpm`
Alternatively you can disable ESLint for the workspace folder docker-node-mongo-todo-app by executing the 'Disable ESLint' command.
[Info  - 7:54:36 PM] 
Failed to load the ESLint library for the document /var/www/nodejs/docker-node-mongo-todo-app/package.json

To use ESLint please install eslint by running npm install eslint in the workspace folder docker-node-mongo-todo-app
or globally using 'npm install -g eslint'. You need to reopen the workspace after installing eslint.

If you are using yarn or pnpm instead of npm set the setting `eslint.packageManager` to either `yarn` or `pnpm`
Alternatively you can disable ESLint for the workspace folder docker-node-mongo-todo-app by executing the 'Disable ESLint' command.
[Info  - 7:57:26 PM] 
Failed to load the ESLint library for the document /var/www/nodejs/docker-node-mongo-todo-app/package.json

To use ESLint please install eslint by running npm install eslint in the workspace folder docker-node-mongo-todo-app
or globally using 'npm install -g eslint'. You need to reopen the workspace after installing eslint.

If you are using yarn or pnpm instead of npm set the setting `eslint.packageManager` to either `yarn` or `pnpm`
Alternatively you can disable ESLint for the workspace folder docker-node-mongo-todo-app by executing the 'Disable ESLint' command.
[Info  - 8:04:30 PM] 
Failed to load the ESLint library for the document /var/www/nodejs/docker-node-mongo-todo-app/api/routes/products.js

To use ESLint please install eslint by running npm install eslint in the workspace folder docker-node-mongo-todo-app
or globally using 'npm install -g eslint'. You need to reopen the workspace after installing eslint.

If you are using yarn or pnpm instead of npm set the setting `eslint.packageManager` to either `yarn` or `pnpm`
Alternatively you can disable ESLint for the workspace folder docker-node-mongo-todo-app by executing the 'Disable ESLint' command.
[Info  - 8:09:51 PM] 
Failed to load the ESLint library for the document /var/www/nodejs/docker-node-mongo-todo-app/package.json

To use ESLint please install eslint by running npm install eslint in the workspace folder docker-node-mongo-todo-app
or globally using 'npm install -g eslint'. You need to reopen the workspace after installing eslint.

If you are using yarn or pnpm instead of npm set the setting `eslint.packageManager` to either `yarn` or `pnpm`
Alternatively you can disable ESLint for the workspace folder docker-node-mongo-todo-app by executing the 'Disable ESLint' command.
[Info  - 8:21:05 PM] 
Failed to load the ESLint library for the document /var/www/nodejs/docker-node-mongo-todo-app/package.json

To use ESLint please install eslint by running npm install eslint in the workspace folder docker-node-mongo-todo-app
or globally using 'npm install -g eslint'. You need to reopen the workspace after installing eslint.

If you are using yarn or pnpm instead of npm set the setting `eslint.packageManager` to either `yarn` or `pnpm`
Alternatively you can disable ESLint for the workspace folder docker-node-mongo-todo-app by executing the 'Disable ESLint' command.
[Info  - 8:54:36 PM] 
Failed to load the ESLint library for the document /var/www/nodejs/docker-node-mongo-todo-app/api/routes/order.js

To use ESLint please install eslint by running npm install eslint in the workspace folder docker-node-mongo-todo-app
or globally using 'npm install -g eslint'. You need to reopen the workspace after installing eslint.

If you are using yarn or pnpm instead of npm set the setting `eslint.packageManager` to either `yarn` or `pnpm`
Alternatively you can disable ESLint for the workspace folder docker-node-mongo-todo-app by executing the 'Disable ESLint' command.
