Initializing document watcher...
Detected change in configuration: {}
docker-node-mongo-todo-app/app.js: {}
docker-node-mongo-todo-app/app.js: {}
docker-node-mongo-todo-app/app.js: Using EditorConfig core...
docker-node-mongo-todo-app/app.js: Using EditorConfig core...
docker-node-mongo-todo-app/app.js: Using EditorConfig core...
docker-node-mongo-todo-app/app.js: Using EditorConfig core...
docker-node-mongo-todo-app/app.js: Using EditorConfig core...
docker-node-mongo-todo-app/app.js: {}
docker-node-mongo-todo-app/app.js: Using EditorConfig core...
docker-node-mongo-todo-app/app.js: Using EditorConfig core...
docker-node-mongo-todo-app/app.js: Using EditorConfig core...
docker-node-mongo-todo-app/app.js: {}
docker-node-mongo-todo-app/server.js: {}
docker-node-mongo-todo-app/server.js: Using EditorConfig core...
docker-node-mongo-todo-app/server.js: Using EditorConfig core...
docker-node-mongo-todo-app/server.js: Using EditorConfig core...
docker-node-mongo-todo-app/server.js: Using EditorConfig core...
docker-node-mongo-todo-app/server.js: Using EditorConfig core...
docker-node-mongo-todo-app/server.js: Using EditorConfig core...
docker-node-mongo-todo-app/server.js: Using EditorConfig core...
docker-node-mongo-todo-app/server.js: Using EditorConfig core...
docker-node-mongo-todo-app/server.js: Using EditorConfig core...
docker-node-mongo-todo-app/server.js: Using EditorConfig core...
docker-node-mongo-todo-app/server.js: {}
docker-node-mongo-todo-app/Dockerfile: {}
docker-node-mongo-todo-app/docker-compose.yml: {}
docker-node-mongo-todo-app/package.json: {}
docker-node-mongo-todo-app/app.js: {}
docker-node-mongo-todo-app/server.js: {}
docker-node-mongo-todo-app/app.js: {}
docker-node-mongo-todo-app/package.json: {}
docker-node-mongo-todo-app/docker-compose.yml: {}
docker-node-mongo-todo-app/app.js: {}
docker-node-mongo-todo-app/Dockerfile: {}
docker-node-mongo-todo-app/Dockerfile: Using EditorConfig core...
docker-node-mongo-todo-app/Dockerfile: Using EditorConfig core...
docker-node-mongo-todo-app/Dockerfile: Using EditorConfig core...
docker-node-mongo-todo-app/Dockerfile: Using EditorConfig core...
docker-node-mongo-todo-app/Dockerfile: Using EditorConfig core...
docker-node-mongo-todo-app/Dockerfile: Using EditorConfig core...
docker-node-mongo-todo-app/Dockerfile: Using EditorConfig core...
docker-node-mongo-todo-app/Dockerfile: Using EditorConfig core...
docker-node-mongo-todo-app/Dockerfile: Using EditorConfig core...
docker-node-mongo-todo-app/Dockerfile: Using EditorConfig core...
docker-node-mongo-todo-app/Dockerfile: Using EditorConfig core...
docker-node-mongo-todo-app/Dockerfile: {}
docker-node-mongo-todo-app/app.js: {}
docker-node-mongo-todo-app/server.js: {}
docker-node-mongo-todo-app/Dockerfile: {}
docker-node-mongo-todo-app/app.js: {}
docker-node-mongo-todo-app/app.js: Using EditorConfig core...
docker-node-mongo-todo-app/app.js: Using EditorConfig core...
docker-node-mongo-todo-app/app.js: Using EditorConfig core...
docker-node-mongo-todo-app/app.js: Using EditorConfig core...
docker-node-mongo-todo-app/app.js: {}
docker-node-mongo-todo-app/app.js: {}
docker-node-mongo-todo-app/app.js: {}
docker-node-mongo-todo-app/app.js: {}
docker-node-mongo-todo-app/Dockerfile: {}
docker-node-mongo-todo-app/Dockerfile: {}
docker-node-mongo-todo-app/package.json: {}
docker-node-mongo-todo-app/package.json: Using EditorConfig core...
docker-node-mongo-todo-app/package.json: Using EditorConfig core...
docker-node-mongo-todo-app/package.json: Using EditorConfig core...
docker-node-mongo-todo-app/package.json: Using EditorConfig core...
docker-node-mongo-todo-app/package.json: Using EditorConfig core...
docker-node-mongo-todo-app/package.json: Using EditorConfig core...
docker-node-mongo-todo-app/package.json: Using EditorConfig core...
docker-node-mongo-todo-app/package.json: {}
docker-node-mongo-todo-app/Dockerfile: {}
docker-node-mongo-todo-app/app.js: {}
docker-node-mongo-todo-app/server.js: {}
docker-node-mongo-todo-app/app.js: {}
docker-node-mongo-todo-app/app.js: Using EditorConfig core...
docker-node-mongo-todo-app/app.js: Using EditorConfig core...
docker-node-mongo-todo-app/app.js: Using EditorConfig core...
docker-node-mongo-todo-app/app.js: {}
docker-node-mongo-todo-app/server.js: {}
docker-node-mongo-todo-app/package.json: {}
docker-node-mongo-todo-app/package.json: {}
docker-node-mongo-todo-app/package.json: {}
docker-node-mongo-todo-app/package.json: {}
docker-node-mongo-todo-app/package.json: {}
docker-node-mongo-todo-app/app.js: {}
docker-node-mongo-todo-app/server.js: {}
docker-node-mongo-todo-app/server.js: {}
docker-node-mongo-todo-app/api/routes: {}
docker-node-mongo-todo-app/api/routes: {}
No more open editors.
docker-node-mongo-todo-app/server.js: {}
docker-node-mongo-todo-app/api/routes/products.js: {}
docker-node-mongo-todo-app/app.js: {}
docker-node-mongo-todo-app/app.js: Using EditorConfig core...
docker-node-mongo-todo-app/app.js: Using EditorConfig core...
docker-node-mongo-todo-app/app.js: Using EditorConfig core...
docker-node-mongo-todo-app/app.js: {}
docker-node-mongo-todo-app/Dockerfile: {}
docker-node-mongo-todo-app/app.js: {}
docker-node-mongo-todo-app/api/routes/products.js: {}
docker-node-mongo-todo-app/api/routes/products.js: Using EditorConfig core...
docker-node-mongo-todo-app/api/routes/products.js: Using EditorConfig core...
docker-node-mongo-todo-app/api/routes/products.js: Using EditorConfig core...
docker-node-mongo-todo-app/api/routes/products.js: Using EditorConfig core...
docker-node-mongo-todo-app/api/routes/products.js: Using EditorConfig core...
docker-node-mongo-todo-app/api/routes/products.js: {}
docker-node-mongo-todo-app/api/routes/products.js: Using EditorConfig core...
docker-node-mongo-todo-app/api/routes/products.js: Using EditorConfig core...
docker-node-mongo-todo-app/api/routes/products.js: Using EditorConfig core...
docker-node-mongo-todo-app/api/routes/products.js: {}
docker-node-mongo-todo-app/api/routes/products.js: {}
docker-node-mongo-todo-app/docker-compose.yml: {}
docker-node-mongo-todo-app/app.js: {}
docker-node-mongo-todo-app/server.js: {}
docker-node-mongo-todo-app/package-lock.json: {}
docker-node-mongo-todo-app/package.json: {}
docker-node-mongo-todo-app/docker-compose.yml: {}
docker-node-mongo-todo-app/docker-compose.yml: Using EditorConfig core...
docker-node-mongo-todo-app/docker-compose.yml: Using EditorConfig core...
docker-node-mongo-todo-app/docker-compose.yml: Using EditorConfig core...
docker-node-mongo-todo-app/docker-compose.yml: Using EditorConfig core...
docker-node-mongo-todo-app/docker-compose.yml: Using EditorConfig core...
docker-node-mongo-todo-app/docker-compose.yml: Using EditorConfig core...
docker-node-mongo-todo-app/docker-compose.yml: Using EditorConfig core...
docker-node-mongo-todo-app/docker-compose.yml: Using EditorConfig core...
docker-node-mongo-todo-app/docker-compose.yml: Using EditorConfig core...
docker-node-mongo-todo-app/docker-compose.yml: Using EditorConfig core...
docker-node-mongo-todo-app/docker-compose.yml: Using EditorConfig core...
docker-node-mongo-todo-app/docker-compose.yml: Using EditorConfig core...
docker-node-mongo-todo-app/docker-compose.yml: {}
docker-node-mongo-todo-app/api/routes/products.js: {}
docker-node-mongo-todo-app/server.js: {}
docker-node-mongo-todo-app/app.js: {}
docker-node-mongo-todo-app/app.js: {}
docker-node-mongo-todo-app/server.js: {}
docker-node-mongo-todo-app/docker-compose.yml: {}
docker-node-mongo-todo-app/docker-compose.yml: Using EditorConfig core...
docker-node-mongo-todo-app/docker-compose.yml: Using EditorConfig core...
docker-node-mongo-todo-app/docker-compose.yml: Using EditorConfig core...
docker-node-mongo-todo-app/docker-compose.yml: Using EditorConfig core...
docker-node-mongo-todo-app/docker-compose.yml: Using EditorConfig core...
docker-node-mongo-todo-app/docker-compose.yml: Using EditorConfig core...
docker-node-mongo-todo-app/docker-compose.yml: Using EditorConfig core...
docker-node-mongo-todo-app/docker-compose.yml: Using EditorConfig core...
docker-node-mongo-todo-app/docker-compose.yml: Using EditorConfig core...
docker-node-mongo-todo-app/docker-compose.yml: Using EditorConfig core...
docker-node-mongo-todo-app/docker-compose.yml: Using EditorConfig core...
docker-node-mongo-todo-app/docker-compose.yml: {}
docker-node-mongo-todo-app/docker-compose.yml: {}
docker-node-mongo-todo-app/package.json: {}
docker-node-mongo-todo-app/package.json: {}
docker-node-mongo-todo-app/server.js: {}
docker-node-mongo-todo-app/docker-compose.yml: {}
docker-node-mongo-todo-app/docker-compose.yml: Using EditorConfig core...
docker-node-mongo-todo-app/docker-compose.yml: Using EditorConfig core...
docker-node-mongo-todo-app/docker-compose.yml: Using EditorConfig core...
docker-node-mongo-todo-app/docker-compose.yml: Using EditorConfig core...
docker-node-mongo-todo-app/docker-compose.yml: Using EditorConfig core...
docker-node-mongo-todo-app/docker-compose.yml: Using EditorConfig core...
docker-node-mongo-todo-app/docker-compose.yml: {}
docker-node-mongo-todo-app/server.js: {}
docker-node-mongo-todo-app/docker-compose.yml: {}
docker-node-mongo-todo-app/package.json: {}
docker-node-mongo-todo-app/api/routes/products.js: {}
docker-node-mongo-todo-app/app.js: {}
docker-node-mongo-todo-app/docker-compose.yml: {}
docker-node-mongo-todo-app/server.js: {}
docker-node-mongo-todo-app/docker-compose.yml: {}
docker-node-mongo-todo-app/package.json: {}
docker-node-mongo-todo-app/api/routes/products.js: {}
docker-node-mongo-todo-app/app.js: {}
docker-node-mongo-todo-app/server.js: {}
docker-node-mongo-todo-app/docker-compose.yml: {}
docker-node-mongo-todo-app/api/routes/products.js: {}
docker-node-mongo-todo-app/app.js: {}
docker-node-mongo-todo-app/docker-compose.yml: {}
docker-node-mongo-todo-app/api/routes/products.js: {}
docker-node-mongo-todo-app/server.js: {}
docker-node-mongo-todo-app/server.js: Using EditorConfig core...
docker-node-mongo-todo-app/server.js: Using EditorConfig core...
docker-node-mongo-todo-app/server.js: Using EditorConfig core...
docker-node-mongo-todo-app/server.js: Using EditorConfig core...
docker-node-mongo-todo-app/server.js: Using EditorConfig core...
docker-node-mongo-todo-app/server.js: Using EditorConfig core...
docker-node-mongo-todo-app/server.js: Using EditorConfig core...
docker-node-mongo-todo-app/server.js: Using EditorConfig core...
docker-node-mongo-todo-app/server.js: Using EditorConfig core...
docker-node-mongo-todo-app/server.js: Using EditorConfig core...
docker-node-mongo-todo-app/server.js: Using EditorConfig core...
docker-node-mongo-todo-app/server.js: Using EditorConfig core...
docker-node-mongo-todo-app/server.js: Using EditorConfig core...
docker-node-mongo-todo-app/server.js: Using EditorConfig core...
docker-node-mongo-todo-app/server.js: Using EditorConfig core...
docker-node-mongo-todo-app/server.js: {}
docker-node-mongo-todo-app/server.js: {}
docker-node-mongo-todo-app/package.json: {}
docker-node-mongo-todo-app/docker-compose.yml: {}
docker-node-mongo-todo-app/api/routes/products.js: {}
docker-node-mongo-todo-app/app.js: {}
docker-node-mongo-todo-app/package.json: {}
docker-node-mongo-todo-app/package.json: {}
docker-node-mongo-todo-app/server.js: {}
docker-node-mongo-todo-app/server.js: {}
docker-node-mongo-todo-app/package.json: {}
docker-node-mongo-todo-app/package.json: {}
docker-node-mongo-todo-app/docker-compose.yml: {}
docker-node-mongo-todo-app/docker-compose.yml: Using EditorConfig core...
docker-node-mongo-todo-app/docker-compose.yml: Using EditorConfig core...
docker-node-mongo-todo-app/docker-compose.yml: Using EditorConfig core...
docker-node-mongo-todo-app/docker-compose.yml: Using EditorConfig core...
docker-node-mongo-todo-app/docker-compose.yml: {}
docker-node-mongo-todo-app/Dockerfile: {}
docker-node-mongo-todo-app/Dockerfile: Using EditorConfig core...
docker-node-mongo-todo-app/Dockerfile: Using EditorConfig core...
docker-node-mongo-todo-app/Dockerfile: Using EditorConfig core...
docker-node-mongo-todo-app/Dockerfile: {}
docker-node-mongo-todo-app/Dockerfile: {}
docker-node-mongo-todo-app/docker-compose.yml: {}
docker-node-mongo-todo-app/docker-compose.yml: Using EditorConfig core...
docker-node-mongo-todo-app/docker-compose.yml: Using EditorConfig core...
docker-node-mongo-todo-app/docker-compose.yml: Using EditorConfig core...
docker-node-mongo-todo-app/Dockerfile: {}
docker-node-mongo-todo-app/Dockerfile: Using EditorConfig core...
docker-node-mongo-todo-app/Dockerfile: Using EditorConfig core...
docker-node-mongo-todo-app/Dockerfile: Using EditorConfig core...
docker-node-mongo-todo-app/Dockerfile: Using EditorConfig core...
docker-node-mongo-todo-app/Dockerfile: Using EditorConfig core...
docker-node-mongo-todo-app/docker-compose.yml: {}
docker-node-mongo-todo-app/docker-compose.yml: Using EditorConfig core...
docker-node-mongo-todo-app/docker-compose.yml: Using EditorConfig core...
docker-node-mongo-todo-app/docker-compose.yml: Using EditorConfig core...
docker-node-mongo-todo-app/docker-compose.yml: Using EditorConfig core...
docker-node-mongo-todo-app/docker-compose.yml: {}
docker-node-mongo-todo-app/server.js: {}
docker-node-mongo-todo-app/docker-compose.yml: {}
docker-node-mongo-todo-app/Dockerfile: {}
docker-node-mongo-todo-app/Dockerfile: Using EditorConfig core...
docker-node-mongo-todo-app/Dockerfile: Using EditorConfig core...
docker-node-mongo-todo-app/Dockerfile: Using EditorConfig core...
docker-node-mongo-todo-app/docker-compose.yml: {}
docker-node-mongo-todo-app/docker-compose.yml: Using EditorConfig core...
docker-node-mongo-todo-app/docker-compose.yml: Using EditorConfig core...
docker-node-mongo-todo-app/docker-compose.yml: Using EditorConfig core...
docker-node-mongo-todo-app/docker-compose.yml: Using EditorConfig core...
docker-node-mongo-todo-app/docker-compose.yml: Using EditorConfig core...
docker-node-mongo-todo-app/docker-compose.yml: Using EditorConfig core...
docker-node-mongo-todo-app/docker-compose.yml: Using EditorConfig core...
docker-node-mongo-todo-app/docker-compose.yml: Using EditorConfig core...
docker-node-mongo-todo-app/docker-compose.yml: Using EditorConfig core...
docker-node-mongo-todo-app/docker-compose.yml: Using EditorConfig core...
docker-node-mongo-todo-app/docker-compose.yml: Using EditorConfig core...
docker-node-mongo-todo-app/docker-compose.yml: {}
docker-node-mongo-todo-app/docker-compose.yml: {}
docker-node-mongo-todo-app/server.js: {}
docker-node-mongo-todo-app/server.js: Using EditorConfig core...
docker-node-mongo-todo-app/server.js: Using EditorConfig core...
docker-node-mongo-todo-app/server.js: Using EditorConfig core...
docker-node-mongo-todo-app/server.js: Using EditorConfig core...
docker-node-mongo-todo-app/server.js: {}
docker-node-mongo-todo-app/server.js: {}
docker-node-mongo-todo-app/server.js: {}
docker-node-mongo-todo-app/server.js: {}
docker-node-mongo-todo-app/server.js: Using EditorConfig core...
docker-node-mongo-todo-app/server.js: Using EditorConfig core...
docker-node-mongo-todo-app/server.js: Using EditorConfig core...
docker-node-mongo-todo-app/server.js: Using EditorConfig core...
docker-node-mongo-todo-app/server.js: Using EditorConfig core...
docker-node-mongo-todo-app/server.js: Using EditorConfig core...
docker-node-mongo-todo-app/server.js: Using EditorConfig core...
docker-node-mongo-todo-app/server.js: {}
docker-node-mongo-todo-app/server.js: Using EditorConfig core...
docker-node-mongo-todo-app/server.js: Using EditorConfig core...
docker-node-mongo-todo-app/server.js: Using EditorConfig core...
docker-node-mongo-todo-app/app.js: {}
docker-node-mongo-todo-app/app.js: Using EditorConfig core...
docker-node-mongo-todo-app/app.js: Using EditorConfig core...
docker-node-mongo-todo-app/app.js: Using EditorConfig core...
docker-node-mongo-todo-app/app.js: {}
docker-node-mongo-todo-app/api/routes/products.js: {}
docker-node-mongo-todo-app/app.js: {}
docker-node-mongo-todo-app/server.js: {}
docker-node-mongo-todo-app/server.js: Using EditorConfig core...
docker-node-mongo-todo-app/server.js: Using EditorConfig core...
docker-node-mongo-todo-app/server.js: Using EditorConfig core...
docker-node-mongo-todo-app/server.js: {}
docker-node-mongo-todo-app/server.js: Using EditorConfig core...
docker-node-mongo-todo-app/server.js: Using EditorConfig core...
docker-node-mongo-todo-app/server.js: Using EditorConfig core...
docker-node-mongo-todo-app/server.js: Using EditorConfig core...
docker-node-mongo-todo-app/server.js: Using EditorConfig core...
docker-node-mongo-todo-app/server.js: Using EditorConfig core...
docker-node-mongo-todo-app/server.js: Using EditorConfig core...
docker-node-mongo-todo-app/server.js: Using EditorConfig core...
docker-node-mongo-todo-app/server.js: {}
docker-node-mongo-todo-app/server.js: Using EditorConfig core...
docker-node-mongo-todo-app/server.js: Using EditorConfig core...
docker-node-mongo-todo-app/server.js: Using EditorConfig core...
docker-node-mongo-todo-app/server.js: Using EditorConfig core...
docker-node-mongo-todo-app/server.js: Using EditorConfig core...
docker-node-mongo-todo-app/server.js: {}
docker-node-mongo-todo-app/docker-compose.yml: {}
docker-node-mongo-todo-app/server.js: {}
docker-node-mongo-todo-app/Dockerfile: {}
docker-node-mongo-todo-app/server.js: {}
docker-node-mongo-todo-app/server.js: {}
docker-node-mongo-todo-app/server.js: {}
docker-node-mongo-todo-app/server.js: {}
docker-node-mongo-todo-app/server.js: Using EditorConfig core...
docker-node-mongo-todo-app/server.js: Using EditorConfig core...
docker-node-mongo-todo-app/server.js: Using EditorConfig core...
docker-node-mongo-todo-app/server.js: Using EditorConfig core...
docker-node-mongo-todo-app/server.js: Using EditorConfig core...
docker-node-mongo-todo-app/server.js: {}
docker-node-mongo-todo-app/server.js: Using EditorConfig core...
docker-node-mongo-todo-app/server.js: Using EditorConfig core...
docker-node-mongo-todo-app/server.js: Using EditorConfig core...
docker-node-mongo-todo-app/server.js: Using EditorConfig core...
docker-node-mongo-todo-app/server.js: {}
docker-node-mongo-todo-app/api/routes/products.js: {}
docker-node-mongo-todo-app/api/routes/products.js: {}
docker-node-mongo-todo-app/api/routes/products.js: {}
docker-node-mongo-todo-app/api/routes/products.js: Using EditorConfig core...
docker-node-mongo-todo-app/api/routes/products.js: Using EditorConfig core...
docker-node-mongo-todo-app/api/routes/products.js: Using EditorConfig core...
docker-node-mongo-todo-app/api/routes/products.js: Using EditorConfig core...
docker-node-mongo-todo-app/api/routes/products.js: Using EditorConfig core...
docker-node-mongo-todo-app/api/routes/products.js: {}
docker-node-mongo-todo-app/api/routes/products.js: {}
docker-node-mongo-todo-app/api/routes/products.js: {}
docker-node-mongo-todo-app/api/routes/products.js: Using EditorConfig core...
docker-node-mongo-todo-app/api/routes/products.js: {}
docker-node-mongo-todo-app/api/routes/products.js: {}
docker-node-mongo-todo-app/api/routes/order.js: {}
docker-node-mongo-todo-app/api/routes/products.js: {}
docker-node-mongo-todo-app/api/routes/order.js: {}
docker-node-mongo-todo-app/api/routes/order.js: {}
docker-node-mongo-todo-app/api/routes/order.js: {}
docker-node-mongo-todo-app/api/routes/order.js: Using EditorConfig core...
docker-node-mongo-todo-app/api/routes/order.js: Using EditorConfig core...
docker-node-mongo-todo-app/api/routes/order.js: Using EditorConfig core...
docker-node-mongo-todo-app/api/routes/order.js: Using EditorConfig core...
docker-node-mongo-todo-app/api/routes/order.js: Using EditorConfig core...
docker-node-mongo-todo-app/api/routes/order.js: {}
docker-node-mongo-todo-app/app.js: {}
docker-node-mongo-todo-app/app.js: Using EditorConfig core...
docker-node-mongo-todo-app/app.js: Using EditorConfig core...
docker-node-mongo-todo-app/app.js: Using EditorConfig core...
docker-node-mongo-todo-app/app.js: Using EditorConfig core...
docker-node-mongo-todo-app/app.js: Using EditorConfig core...
docker-node-mongo-todo-app/app.js: {}
docker-node-mongo-todo-app/app.js: Using EditorConfig core...
docker-node-mongo-todo-app/app.js: Using EditorConfig core...
docker-node-mongo-todo-app/app.js: Using EditorConfig core...
docker-node-mongo-todo-app/app.js: {}
docker-node-mongo-todo-app/app.js: Using EditorConfig core...
docker-node-mongo-todo-app/app.js: Using EditorConfig core...
docker-node-mongo-todo-app/app.js: {}
docker-node-mongo-todo-app/app.js: Using EditorConfig core...
docker-node-mongo-todo-app/app.js: Using EditorConfig core...
docker-node-mongo-todo-app/app.js: Using EditorConfig core...
docker-node-mongo-todo-app/app.js: {}
docker-node-mongo-todo-app/app.js: {}
docker-node-mongo-todo-app/app.js: Using EditorConfig core...
docker-node-mongo-todo-app/app.js: Using EditorConfig core...
docker-node-mongo-todo-app/app.js: Using EditorConfig core...
docker-node-mongo-todo-app/app.js: Using EditorConfig core...
docker-node-mongo-todo-app/app.js: Using EditorConfig core...
docker-node-mongo-todo-app/app.js: Using EditorConfig core...
docker-node-mongo-todo-app/app.js: Using EditorConfig core...
docker-node-mongo-todo-app/app.js: {}
docker-node-mongo-todo-app/app.js: {}
docker-node-mongo-todo-app/app.js: {}
docker-node-mongo-todo-app/app.js: {}
