Initializing document watcher...
Detected change in configuration: {}
docker-node-mongo-todo-app/docker-compose.yml: {}
docker-node-mongo-todo-app/toDoModel.js: {}
docker-node-mongo-todo-app/server.js: {}
docker-node-mongo-todo-app/docker-compose.yml: {}
docker-node-mongo-todo-app/docker-compose.yml: Using EditorConfig core...
docker-node-mongo-todo-app/docker-compose.yml: Using EditorConfig core...
docker-node-mongo-todo-app/docker-compose.yml: Using EditorConfig core...
docker-node-mongo-todo-app/docker-compose.yml: Using EditorConfig core...
docker-node-mongo-todo-app/docker-compose.yml: Using EditorConfig core...
docker-node-mongo-todo-app/docker-compose.yml: Using EditorConfig core...
docker-node-mongo-todo-app/docker-compose.yml: Using EditorConfig core...
docker-node-mongo-todo-app/docker-compose.yml: Using EditorConfig core...
docker-node-mongo-todo-app/docker-compose.yml: {}
docker-node-mongo-todo-app/server.js: {}
docker-node-mongo-todo-app/server.js: Using EditorConfig core...
docker-node-mongo-todo-app/server.js: Using EditorConfig core...
docker-node-mongo-todo-app/server.js: Using EditorConfig core...
docker-node-mongo-todo-app/server.js: Using EditorConfig core...
docker-node-mongo-todo-app/server.js: Using EditorConfig core...
docker-node-mongo-todo-app/server.js: Using EditorConfig core...
docker-node-mongo-todo-app/server.js: Using EditorConfig core...
docker-node-mongo-todo-app/server.js: Using EditorConfig core...
docker-node-mongo-todo-app/server.js: Using EditorConfig core...
docker-node-mongo-todo-app/server.js: Using EditorConfig core...
docker-node-mongo-todo-app/server.js: Using EditorConfig core...
docker-node-mongo-todo-app/server.js: Using EditorConfig core...
docker-node-mongo-todo-app/server.js: Using EditorConfig core...
docker-node-mongo-todo-app/server.js: Using EditorConfig core...
docker-node-mongo-todo-app/server.js: Using EditorConfig core...
docker-node-mongo-todo-app/server.js: Using EditorConfig core...
docker-node-mongo-todo-app/server.js: {}
docker-node-mongo-todo-app/server.js: {}
docker-node-mongo-todo-app/server.js: {}
docker-node-mongo-todo-app/server.js: {}
docker-node-mongo-todo-app/server.js: {}
docker-node-mongo-todo-app/docker-compose.yml: {}
docker-node-mongo-todo-app/docker-compose.yml: {}
docker-node-mongo-todo-app/server.js: {}
docker-node-mongo-todo-app/server.js: Using EditorConfig core...
docker-node-mongo-todo-app/server.js: Using EditorConfig core...
docker-node-mongo-todo-app/server.js: Using EditorConfig core...
docker-node-mongo-todo-app/server.js: Using EditorConfig core...
docker-node-mongo-todo-app/server.js: {}
docker-node-mongo-todo-app/server.js: Using EditorConfig core...
docker-node-mongo-todo-app/server.js: Using EditorConfig core...
docker-node-mongo-todo-app/docker-compose.yml: {}
docker-node-mongo-todo-app/docker-compose.yml: {}
docker-node-mongo-todo-app/docker-compose.yml: Using EditorConfig core...
docker-node-mongo-todo-app/docker-compose.yml: Using EditorConfig core...
docker-node-mongo-todo-app/docker-compose.yml: Using EditorConfig core...
docker-node-mongo-todo-app/docker-compose.yml: Using EditorConfig core...
docker-node-mongo-todo-app/server.js: {}
docker-node-mongo-todo-app/server.js: Using EditorConfig core...
docker-node-mongo-todo-app/server.js: Using EditorConfig core...
docker-node-mongo-todo-app/server.js: Using EditorConfig core...
docker-node-mongo-todo-app/server.js: Using EditorConfig core...
docker-node-mongo-todo-app/server.js: Using EditorConfig core...
docker-node-mongo-todo-app/server.js: Using EditorConfig core...
docker-node-mongo-todo-app/server.js: Using EditorConfig core...
docker-node-mongo-todo-app/server.js: Using EditorConfig core...
docker-node-mongo-todo-app/server.js: Using EditorConfig core...
docker-node-mongo-todo-app/server.js: {}
docker-node-mongo-todo-app/docker-compose.yml: {}
docker-node-mongo-todo-app/docker-compose.yml: Using EditorConfig core...
docker-node-mongo-todo-app/docker-compose.yml: Using EditorConfig core...
docker-node-mongo-todo-app/docker-compose.yml: Using EditorConfig core...
docker-node-mongo-todo-app/docker-compose.yml: Using EditorConfig core...
docker-node-mongo-todo-app/docker-compose.yml: Using EditorConfig core...
docker-node-mongo-todo-app/docker-compose.yml: {}
docker-node-mongo-todo-app/docker-compose.yml: {}
docker-node-mongo-todo-app/docker-compose.yml: {}
docker-node-mongo-todo-app/docker-compose.yml: {}
docker-node-mongo-todo-app/docker-compose.yml: {}
docker-node-mongo-todo-app/docker-compose.yml: {}
docker-node-mongo-todo-app/docker-compose.yml: {}
docker-node-mongo-todo-app/docker-compose.yml: {}
docker-node-mongo-todo-app/docker-compose.yml: {}
docker-node-mongo-todo-app/server.js: {}
docker-node-mongo-todo-app/server.js: {}
docker-node-mongo-todo-app/server.js: {}
docker-node-mongo-todo-app/server.js: {}
docker-node-mongo-todo-app/server.js: {}
docker-node-mongo-todo-app/server.js: {}
docker-node-mongo-todo-app/server.js: {}
docker-node-mongo-todo-app/docker-compose.yml: {}
docker-node-mongo-todo-app/docker-compose.yml: {}
