[Server(9437) file:///var/www/nodejs/docker-node-mongo-todo-app] Started and initialize received
[Server(9437) file:///var/www/nodejs/docker-node-mongo-todo-app] Setup a stylesheet lookup map
[Server(9437) file:///var/www/nodejs/docker-node-mongo-todo-app] Document opened: file:///var/www/nodejs/docker-node-mongo-todo-app/toDoModel.js
[Server(9437) file:///var/www/nodejs/docker-node-mongo-todo-app] Document changed: file:///var/www/nodejs/docker-node-mongo-todo-app/toDoModel.js
[Server(9437) file:///var/www/nodejs/docker-node-mongo-todo-app] Document opened: file:///var/www/nodejs/docker-node-mongo-todo-app/server.js
[Server(9437) file:///var/www/nodejs/docker-node-mongo-todo-app] Document changed: file:///var/www/nodejs/docker-node-mongo-todo-app/server.js
[Server(9437) file:///var/www/nodejs/docker-node-mongo-todo-app] Document opened: file:///var/www/nodejs/docker-node-mongo-todo-app/server.js
[Server(9437) file:///var/www/nodejs/docker-node-mongo-todo-app] Document changed: file:///var/www/nodejs/docker-node-mongo-todo-app/server.js
[Server(9437) file:///var/www/nodejs/docker-node-mongo-todo-app] Document changed: file:///var/www/nodejs/docker-node-mongo-todo-app/server.js
[Server(9437) file:///var/www/nodejs/docker-node-mongo-todo-app] Document changed: file:///var/www/nodejs/docker-node-mongo-todo-app/server.js
[Server(9437) file:///var/www/nodejs/docker-node-mongo-todo-app] Document changed: file:///var/www/nodejs/docker-node-mongo-todo-app/server.js
[Server(9437) file:///var/www/nodejs/docker-node-mongo-todo-app] Document changed: file:///var/www/nodejs/docker-node-mongo-todo-app/server.js
[Server(9437) file:///var/www/nodejs/docker-node-mongo-todo-app] Document changed: file:///var/www/nodejs/docker-node-mongo-todo-app/server.js
[Server(9437) file:///var/www/nodejs/docker-node-mongo-todo-app] Document changed: file:///var/www/nodejs/docker-node-mongo-todo-app/server.js
Invalid Selector...
[Server(9437) file:///var/www/nodejs/docker-node-mongo-todo-app] Document changed: file:///var/www/nodejs/docker-node-mongo-todo-app/server.js
[Server(9437) file:///var/www/nodejs/docker-node-mongo-todo-app] Document changed: file:///var/www/nodejs/docker-node-mongo-todo-app/server.js
Invalid Selector...
Invalid Selector...
Invalid Selector...
Invalid Selector...
Invalid Selector...
Invalid Selector...
[Server(9437) file:///var/www/nodejs/docker-node-mongo-todo-app] Document changed: file:///var/www/nodejs/docker-node-mongo-todo-app/server.js
[Server(9437) file:///var/www/nodejs/docker-node-mongo-todo-app] Document changed: file:///var/www/nodejs/docker-node-mongo-todo-app/server.js
Invalid Selector...
[Server(9437) file:///var/www/nodejs/docker-node-mongo-todo-app] Document opened: file:///var/www/nodejs/docker-node-mongo-todo-app/toDoModel.js
[Server(9437) file:///var/www/nodejs/docker-node-mongo-todo-app] Document changed: file:///var/www/nodejs/docker-node-mongo-todo-app/toDoModel.js
Invalid Selector...
[Server(9437) file:///var/www/nodejs/docker-node-mongo-todo-app] Document opened: file:///var/www/nodejs/docker-node-mongo-todo-app/toDoModel.js
[Server(9437) file:///var/www/nodejs/docker-node-mongo-todo-app] Document changed: file:///var/www/nodejs/docker-node-mongo-todo-app/toDoModel.js
Invalid Selector...
[Server(9437) file:///var/www/nodejs/docker-node-mongo-todo-app] Document changed: file:///var/www/nodejs/docker-node-mongo-todo-app/server.js
[Server(9437) file:///var/www/nodejs/docker-node-mongo-todo-app] Document changed: file:///var/www/nodejs/docker-node-mongo-todo-app/server.js
[Server(9437) file:///var/www/nodejs/docker-node-mongo-todo-app] Document changed: file:///var/www/nodejs/docker-node-mongo-todo-app/server.js
[Server(9437) file:///var/www/nodejs/docker-node-mongo-todo-app] Document changed: file:///var/www/nodejs/docker-node-mongo-todo-app/server.js
[Server(9437) file:///var/www/nodejs/docker-node-mongo-todo-app] Document changed: file:///var/www/nodejs/docker-node-mongo-todo-app/server.js
[Server(9437) file:///var/www/nodejs/docker-node-mongo-todo-app] Document changed: file:///var/www/nodejs/docker-node-mongo-todo-app/server.js
[Server(9437) file:///var/www/nodejs/docker-node-mongo-todo-app] Document changed: file:///var/www/nodejs/docker-node-mongo-todo-app/server.js
[Server(9437) file:///var/www/nodejs/docker-node-mongo-todo-app] Document changed: file:///var/www/nodejs/docker-node-mongo-todo-app/server.js
[Server(9437) file:///var/www/nodejs/docker-node-mongo-todo-app] Document changed: file:///var/www/nodejs/docker-node-mongo-todo-app/server.js
Invalid Selector...
Invalid Selector...
Invalid Selector...
Invalid Selector...
[Server(9437) file:///var/www/nodejs/docker-node-mongo-todo-app] Document changed: file:///var/www/nodejs/docker-node-mongo-todo-app/server.js
