[2020-03-25 19:47:42.569] [exthost] [info] extension host started
[2020-03-25 19:47:42.628] [exthost] [info] ExtensionService#_doActivateExtension vscode.debug-auto-launch {"startup":true,"activationEvent":"*"}
[2020-03-25 19:47:42.628] [exthost] [info] ExtensionService#loadCommonJSModule /usr/share/code/resources/app/extensions/debug-auto-launch/dist/extension
[2020-03-25 19:47:42.635] [exthost] [info] ExtensionService#_doActivateExtension vscode.emmet {"startup":true,"activationEvent":"*"}
[2020-03-25 19:47:42.635] [exthost] [info] ExtensionService#loadCommonJSModule /usr/share/code/resources/app/extensions/emmet/dist/extension
[2020-03-25 19:47:42.662] [exthost] [info] ExtensionService#_doActivateExtension vscode.git {"startup":true,"activationEvent":"*"}
[2020-03-25 19:47:42.662] [exthost] [info] ExtensionService#loadCommonJSModule /usr/share/code/resources/app/extensions/git/dist/main
[2020-03-25 19:47:42.815] [exthost] [info] ExtensionService#_doActivateExtension vscode.merge-conflict {"startup":true,"activationEvent":"*"}
[2020-03-25 19:47:42.815] [exthost] [info] ExtensionService#loadCommonJSModule /usr/share/code/resources/app/extensions/merge-conflict/dist/extension
[2020-03-25 19:47:42.824] [exthost] [info] ExtensionService#_doActivateExtension bierner.color-info {"startup":true,"activationEvent":"*"}
[2020-03-25 19:47:42.824] [exthost] [info] ExtensionService#loadCommonJSModule /home/admin123/.vscode/extensions/bierner.color-info-0.5.1/out/src/extension
[2020-03-25 19:47:42.921] [exthost] [info] ExtensionService#_doActivateExtension dbaeumer.vscode-eslint {"startup":true,"activationEvent":"*"}
[2020-03-25 19:47:42.921] [exthost] [info] ExtensionService#loadCommonJSModule /home/admin123/.vscode/extensions/dbaeumer.vscode-eslint-1.9.0/client/out/extension
[2020-03-25 19:47:42.989] [exthost] [info] ExtensionService#_doActivateExtension EditorConfig.EditorConfig {"startup":true,"activationEvent":"*"}
[2020-03-25 19:47:42.989] [exthost] [info] ExtensionService#loadCommonJSModule /home/admin123/.vscode/extensions/editorconfig.editorconfig-0.13.0/out/src/editorConfigMain
[2020-03-25 19:47:43.056] [exthost] [info] ExtensionService#_doActivateExtension formulahendry.auto-close-tag {"startup":true,"activationEvent":"*"}
[2020-03-25 19:47:43.056] [exthost] [info] ExtensionService#loadCommonJSModule /home/admin123/.vscode/extensions/formulahendry.auto-close-tag-0.5.6/out/src/extension
[2020-03-25 19:47:43.062] [exthost] [info] ExtensionService#_doActivateExtension formulahendry.auto-rename-tag {"startup":true,"activationEvent":"*"}
[2020-03-25 19:47:43.062] [exthost] [info] ExtensionService#loadCommonJSModule /home/admin123/.vscode/extensions/formulahendry.auto-rename-tag-0.1.1/out/src/extension
[2020-03-25 19:47:43.069] [exthost] [info] ExtensionService#_doActivateExtension pranaygp.vscode-css-peek {"startup":true,"activationEvent":"*"}
[2020-03-25 19:47:43.069] [exthost] [info] ExtensionService#loadCommonJSModule /home/admin123/.vscode/extensions/pranaygp.vscode-css-peek-3.0.2/out/client/src/extension
[2020-03-25 19:47:43.165] [exthost] [info] ExtensionService#_doActivateExtension vscode-icons-team.vscode-icons {"startup":true,"activationEvent":"*"}
[2020-03-25 19:47:43.165] [exthost] [info] ExtensionService#loadCommonJSModule /home/admin123/.vscode/extensions/vscode-icons-team.vscode-icons-10.0.0/dist/src/vscode-icons.bundle.js
[2020-03-25 19:47:43.374] [exthost] [info] eager extensions activated
[2020-03-25 19:47:51.059] [exthost] [info] extension host started
[2020-03-25 19:47:51.112] [exthost] [info] ExtensionService#_doActivateExtension vscode.typescript-language-features {"startup":false,"activationEvent":"onLanguage:javascript"}
[2020-03-25 19:47:51.112] [exthost] [info] ExtensionService#loadCommonJSModule /usr/share/code/resources/app/extensions/typescript-language-features/dist/extension
[2020-03-25 19:47:51.254] [exthost] [info] ExtensionService#_doActivateExtension vscode.debug-auto-launch {"startup":true,"activationEvent":"*"}
[2020-03-25 19:47:51.254] [exthost] [info] ExtensionService#loadCommonJSModule /usr/share/code/resources/app/extensions/debug-auto-launch/dist/extension
[2020-03-25 19:47:51.261] [exthost] [info] ExtensionService#_doActivateExtension vscode.emmet {"startup":true,"activationEvent":"*"}
[2020-03-25 19:47:51.261] [exthost] [info] ExtensionService#loadCommonJSModule /usr/share/code/resources/app/extensions/emmet/dist/extension
[2020-03-25 19:47:51.297] [exthost] [info] ExtensionService#_doActivateExtension vscode.git {"startup":true,"activationEvent":"*"}
[2020-03-25 19:47:51.297] [exthost] [info] ExtensionService#loadCommonJSModule /usr/share/code/resources/app/extensions/git/dist/main
[2020-03-25 19:47:51.533] [exthost] [info] ExtensionService#_doActivateExtension vscode.merge-conflict {"startup":true,"activationEvent":"*"}
[2020-03-25 19:47:51.533] [exthost] [info] ExtensionService#loadCommonJSModule /usr/share/code/resources/app/extensions/merge-conflict/dist/extension
[2020-03-25 19:47:51.557] [exthost] [info] ExtensionService#_doActivateExtension bierner.color-info {"startup":true,"activationEvent":"*"}
[2020-03-25 19:47:51.557] [exthost] [info] ExtensionService#loadCommonJSModule /home/admin123/.vscode/extensions/bierner.color-info-0.5.1/out/src/extension
[2020-03-25 19:47:51.648] [exthost] [info] ExtensionService#_doActivateExtension dbaeumer.vscode-eslint {"startup":true,"activationEvent":"*"}
[2020-03-25 19:47:51.648] [exthost] [info] ExtensionService#loadCommonJSModule /home/admin123/.vscode/extensions/dbaeumer.vscode-eslint-1.9.0/client/out/extension
[2020-03-25 19:47:51.709] [exthost] [info] ExtensionService#_doActivateExtension EditorConfig.EditorConfig {"startup":true,"activationEvent":"*"}
[2020-03-25 19:47:51.709] [exthost] [info] ExtensionService#loadCommonJSModule /home/admin123/.vscode/extensions/editorconfig.editorconfig-0.13.0/out/src/editorConfigMain
[2020-03-25 19:47:51.756] [exthost] [info] ExtensionService#_doActivateExtension formulahendry.auto-close-tag {"startup":true,"activationEvent":"*"}
[2020-03-25 19:47:51.756] [exthost] [info] ExtensionService#loadCommonJSModule /home/admin123/.vscode/extensions/formulahendry.auto-close-tag-0.5.6/out/src/extension
[2020-03-25 19:47:51.758] [exthost] [info] ExtensionService#_doActivateExtension formulahendry.auto-rename-tag {"startup":true,"activationEvent":"*"}
[2020-03-25 19:47:51.758] [exthost] [info] ExtensionService#loadCommonJSModule /home/admin123/.vscode/extensions/formulahendry.auto-rename-tag-0.1.1/out/src/extension
[2020-03-25 19:47:51.762] [exthost] [info] ExtensionService#_doActivateExtension pranaygp.vscode-css-peek {"startup":true,"activationEvent":"*"}
[2020-03-25 19:47:51.762] [exthost] [info] ExtensionService#loadCommonJSModule /home/admin123/.vscode/extensions/pranaygp.vscode-css-peek-3.0.2/out/client/src/extension
[2020-03-25 19:47:51.834] [exthost] [info] ExtensionService#_doActivateExtension vscode-icons-team.vscode-icons {"startup":true,"activationEvent":"*"}
[2020-03-25 19:47:51.834] [exthost] [info] ExtensionService#loadCommonJSModule /home/admin123/.vscode/extensions/vscode-icons-team.vscode-icons-10.0.0/dist/src/vscode-icons.bundle.js
[2020-03-25 19:47:52.956] [exthost] [info] eager extensions activated
[2020-03-25 19:54:01.473] [exthost] [info] ExtensionService#_doActivateExtension vscode.extension-editing {"startup":false,"activationEvent":"onLanguage:typescript"}
[2020-03-25 19:54:01.473] [exthost] [info] ExtensionService#loadCommonJSModule /usr/share/code/resources/app/extensions/extension-editing/dist/extension
[2020-03-25 19:54:35.769] [exthost] [info] ExtensionService#_doActivateExtension vscode.configuration-editing {"startup":false,"activationEvent":"onLanguage:json"}
[2020-03-25 19:54:35.769] [exthost] [info] ExtensionService#loadCommonJSModule /usr/share/code/resources/app/extensions/configuration-editing/dist/extension
[2020-03-25 19:54:35.784] [exthost] [info] ExtensionService#_doActivateExtension vscode.json-language-features {"startup":false,"activationEvent":"onLanguage:json"}
[2020-03-25 19:54:35.784] [exthost] [info] ExtensionService#loadCommonJSModule /usr/share/code/resources/app/extensions/json-language-features/client/dist/jsonMain
[2020-03-25 19:54:35.935] [exthost] [info] ExtensionService#_doActivateExtension vscode.npm {"startup":false,"activationEvent":"onLanguage:json"}
[2020-03-25 19:54:35.935] [exthost] [info] ExtensionService#loadCommonJSModule /usr/share/code/resources/app/extensions/npm/dist/main
